This is pdfTeX, Version 3.14159265-2.6-1.40.18 (TeX Live 2017) (preloaded format=pdflatex 2017.9.23)  8 NOV 2017 23:27
entering extended mode
 restricted \write18 enabled.
 file:line:error style messages enabled.
 %&-line parsing enabled.
**Pessimistic_Induction_about_Objective_Presentness.tex
(./Pessimistic_Induction_about_Objective_Presentness.tex
LaTeX2e <2017-04-15>
Babel <3.10> and hyphenation patterns for 22 language(s) loaded.
(/usr/local/texlive/2017basic/texmf-dist/tex/latex/base/article.cls
Document Class: article 2014/09/29 v1.4h Standard LaTeX document class
(/usr/local/texlive/2017basic/texmf-dist/tex/latex/base/size12.clo
File: size12.clo 2014/09/29 v1.4h Standard LaTeX file (size option)
)
\c@part=\count79
\c@section=\count80
\c@subsection=\count81
\c@subsubsection=\count82
\c@paragraph=\count83
\c@subparagraph=\count84
\c@figure=\count85
\c@table=\count86
\abovecaptionskip=\skip41
\belowcaptionskip=\skip42
\bibindent=\dimen102
)
(/usr/local/texlive/2017basic/texmf-dist/tex/latex/geometry/geometry.sty
Package: geometry 2010/09/12 v5.6 Page Geometry

(/usr/local/texlive/2017basic/texmf-dist/tex/latex/graphics/keyval.sty
Package: keyval 2014/10/28 v1.15 key=value parser (DPC)
\KV@toks@=\toks14
)
(/usr/local/texlive/2017basic/texmf-dist/tex/generic/oberdiek/ifpdf.sty
Package: ifpdf 2017/03/15 v3.2 Provides the ifpdf switch
)
(/usr/local/texlive/2017basic/texmf-dist/tex/generic/oberdiek/ifvtex.sty
Package: ifvtex 2016/05/16 v1.6 Detect VTeX and its facilities (HO)
Package ifvtex Info: VTeX not detected.
)
(/usr/local/texlive/2017basic/texmf-dist/tex/generic/ifxetex/ifxetex.sty
Package: ifxetex 2010/09/12 v0.6 Provides ifxetex conditional
)
\Gm@cnth=\count87
\Gm@cntv=\count88
\c@Gm@tempcnt=\count89
\Gm@bindingoffset=\dimen103
\Gm@wd@mp=\dimen104
\Gm@odd@mp=\dimen105
\Gm@even@mp=\dimen106
\Gm@layoutwidth=\dimen107
\Gm@layoutheight=\dimen108
\Gm@layouthoffset=\dimen109
\Gm@layoutvoffset=\dimen110
\Gm@dimlist=\toks15
)
(/Users/dereklam/Library/texmf/tex/latex/theapa/theapa.sty
APA Citation (& Optional APA Heading) Style - Version 2.5.1 (5/92)
\bibleftmargin=\skip43
\b@level@one@skip=\skip44
\e@level@one@skip=\skip45
\b@level@two@skip=\skip46
\e@level@two@skip=\skip47
\b@level@three@skip=\skip48
\e@level@three@skip=\skip49
\b@level@four@skip=\skip50
\e@level@four@skip=\skip51
\b@level@five@skip=\skip52
\e@level@five@skip=\skip53
\c@APAenum=\count90
\@text@par@indent=\skip54
\UL@hyphenbox=\box26
\UL@box=\box27
\UL@spfactor=\count91
\UL@penalty=\count92
\UL@skip=\skip55
\UL@lht=\dimen111
\UL@ldp=\dimen112
\UL@pixel=\dimen113
) (./Pessimistic_Induction_about_Objective_Presentness.aux)
\openout1 = `Pessimistic_Induction_about_Objective_Presentness.aux'.

LaTeX Font Info:    Checking defaults for OML/cmm/m/it on input line 10.
LaTeX Font Info:    ... okay on input line 10.
LaTeX Font Info:    Checking defaults for T1/cmr/m/n on input line 10.
LaTeX Font Info:    ... okay on input line 10.
LaTeX Font Info:    Checking defaults for OT1/cmr/m/n on input line 10.
LaTeX Font Info:    ... okay on input line 10.
LaTeX Font Info:    Checking defaults for OMS/cmsy/m/n on input line 10.
LaTeX Font Info:    ... okay on input line 10.
LaTeX Font Info:    Checking defaults for OMX/cmex/m/n on input line 10.
LaTeX Font Info:    ... okay on input line 10.
LaTeX Font Info:    Checking defaults for U/cmr/m/n on input line 10.
LaTeX Font Info:    ... okay on input line 10.

*geometry* driver: auto-detecting
*geometry* detected driver: pdftex
*geometry* verbose mode - [ preamble ] result:
* driver: pdftex
* paper: a4paper
* layout: <same size as paper>
* layoutoffset:(h,v)=(0.0pt,0.0pt)
* modes: 
* h-part:(L,W,R)=(89.62709pt, 418.25368pt, 89.6271pt)
* v-part:(T,H,B)=(93.95122pt, 649.68898pt, 101.40665pt)
* \paperwidth=597.50787pt
* \paperheight=845.04684pt
* \textwidth=418.25368pt
* \textheight=649.68898pt
* \oddsidemargin=17.3571pt
* \evensidemargin=17.3571pt
* \topmargin=-15.31877pt
* \headheight=12.0pt
* \headsep=25.0pt
* \topskip=12.0pt
* \footskip=30.0pt
* \marginparwidth=35.0pt
* \marginparsep=10.0pt
* \columnsep=10.0pt
* \skip\footins=10.8pt plus 4.0pt minus 2.0pt
* \hoffset=0.0pt
* \voffset=0.0pt
* \mag=1000
* \@twocolumnfalse
* \@twosidefalse
* \@mparswitchfalse
* \@reversemarginfalse
* (1in=72.27pt=25.4mm, 1cm=28.453pt)

LaTeX Font Info:    External font `cmex10' loaded for size
(Font)              <14.4> on input line 12.
LaTeX Font Info:    External font `cmex10' loaded for size
(Font)              <7> on input line 12.
LaTeX Font Info:    External font `cmex10' loaded for size
(Font)              <12> on input line 20.
LaTeX Font Info:    External font `cmex10' loaded for size
(Font)              <8> on input line 20.
LaTeX Font Info:    External font `cmex10' loaded for size
(Font)              <6> on input line 20.
LaTeX Font Info:    External font `cmex10' loaded for size
(Font)              <5> on input line 22.
[1

{/usr/local/texlive/2017basic/texmf-var/fonts/map/pdftex/updmap/pdftex.map}]
[2] [3] [4] [5] [6] [7]
LaTeX Font Info:    Try loading font information for OMS+cmr on input line 93.

(/usr/local/texlive/2017basic/texmf-dist/tex/latex/base/omscmr.fd
File: omscmr.fd 2014/09/29 v2.5h Standard LaTeX font definitions
)
LaTeX Font Info:    Font shape `OMS/cmr/m/n' in size <12> not available
(Font)              Font shape `OMS/cmsy/m/n' tried instead on input line 93.
 [8] [9]
[10] [11] [12]
Overfull \hbox (12.96423pt too wide) in paragraph at lines 152--152
[]\OT1/cmr/bx/n/17.28 8 Is the Pes-simistic In-duc-tion Ad-mis-si-ble Ev-i-denc
e? 
 []

[13]
Missing character: There is no ñ in font cmr10!

Overfull \vbox (0.34439pt too high) has occurred while \output is active []


[14] (./Pessimistic_Induction_about_Objective_Presentness.bbl [15] [16])
[17] (./Pessimistic_Induction_about_Objective_Presentness.aux) ) 
Here is how much of TeX's memory you used:
 975 strings out of 494437
 13847 string characters out of 6166645
 75027 words of memory out of 5000000
 4363 multiletter control sequences out of 15000+600000
 11186 words of font info for 38 fonts, out of 8000000 for 9000
 319 hyphenation exceptions out of 8191
 23i,8n,19p,1759b,189s stack positions out of 5000i,500n,10000p,200000b,80000s
</usr/local/tex
live/2017basic/texmf-dist/fonts/type1/public/amsfonts/cm/cmbx10.pfb></usr/local
/texlive/2017basic/texmf-dist/fonts/type1/public/amsfonts/cm/cmbx12.pfb></usr/l
ocal/texlive/2017basic/texmf-dist/fonts/type1/public/amsfonts/cm/cmbxti10.pfb><
/usr/local/texlive/2017basic/texmf-dist/fonts/type1/public/amsfonts/cm/cmr10.pf
b></usr/local/texlive/2017basic/texmf-dist/fonts/type1/public/amsfonts/cm/cmr12
.pfb></usr/local/texlive/2017basic/texmf-dist/fonts/type1/public/amsfonts/cm/cm
r7.pfb></usr/local/texlive/2017basic/texmf-dist/fonts/type1/public/amsfonts/cm/
cmr8.pfb></usr/local/texlive/2017basic/texmf-dist/fonts/type1/public/amsfonts/c
m/cmsy10.pfb></usr/local/texlive/2017basic/texmf-dist/fonts/type1/public/amsfon
ts/cm/cmti10.pfb></usr/local/texlive/2017basic/texmf-dist/fonts/type1/public/am
sfonts/cm/cmti12.pfb>
Output written on Pessimistic_Induction_about_Objective_Presentness.pdf (17 pag
es, 185704 bytes).
PDF statistics:
 99 PDF objects out of 1000 (max. 8388607)
 69 compressed objects within 1 object stream
 0 named destinations out of 1000 (max. 500000)
 1 words of extra memory for PDF output out of 10000 (max. 10000000)

